<?xml version="1.0" encoding="UTF-8"?>
<!-- Generated by org.testng.reporters.JUnitXMLReporter -->
<testsuite ignored="0" hostname="LAPTOP-BMK2N8MV" failures="0" tests="2" name="Default test" time="28.436" errors="0" timestamp="2023-11-01T10:31:18 IST">
  <testcase classname="ContactsTestUsingBaseClass.CreateContactBaseClassTest" name="createconntact" time="10.283"/>
  <testcase classname="ContactsTestUsingBaseClass.CreateContactBaseClassTest" name="demo" time="0.008"/>
</testsuite> <!-- Default test -->
