<?xml version="1.0" encoding="UTF-8"?>
<!-- Generated by org.testng.reporters.JUnitXMLReporter -->
<testsuite ignored="6" hostname="LAPTOP-BMK2N8MV" failures="0" tests="9" name="Test" time="166.354" errors="0" timestamp="2023-10-17T20:43:32 IST">
  <testcase classname="ContactsTestUsingBaseClass.CreateContactWithorgUsingbaseclassTest" name="createContactWithOrgTest" time="21.648"/>
  <testcase classname="OrganizationTestUsingBaseClass.CreateOrganizationBase" name="createorg" time="10.27"/>
  <testcase classname="OrganizationTestUsingBaseClass.CreateMultipleOrgWithInIndustryBASEClassTest" name="createMultipleOrg" time="10.252"/>
  <testcase classname="OrganizationTestUsingBaseClass.CreateMultipleOrgWithInIndustryBASEClassTest" name="createMultipleOrg" time="10.173"/>
  <testcase classname="OrganizationTestUsingBaseClass.CreateMultipleOrgWithInIndustryBASEClassTest" name="createMultipleOrg" time="10.636"/>
  <testcase classname="OrganizationTestUsingBaseClass.CreateMultipleOrgWithInIndustryBASEClassTest" name="createMultipleOrg" time="10.908"/>
  <testcase classname="OrganizationTestUsingBaseClass.CreateMultipleOrgWithInIndustryBASEClassTest" name="createMultipleOrg" time="10.71"/>
  <testcase classname="ContactsTestUsingBaseClass.CreateContactBaseClass" name="createconntact" time="10.273"/>
  <testcase classname="ContactsTestUsingBaseClass.CreateContactBaseClass" name="demo" time="0.005"/>
  <testcase classname="genericutilities.BaseClass" name="@AfterSuite AsCongig" time="0.0">
    <ignored/>
  </testcase> <!-- @AfterSuite AsCongig -->
  <testcase classname="genericutilities.BaseClass" name="@BeforeSuite bsCongig" time="0.0">
    <ignored/>
  </testcase> <!-- @BeforeSuite bsCongig -->
  <testcase classname="genericutilities.BaseClass" name="@AfterSuite AsCongig" time="0.0">
    <ignored/>
  </testcase> <!-- @AfterSuite AsCongig -->
  <testcase classname="genericutilities.BaseClass" name="@AfterSuite AsCongig" time="0.0">
    <ignored/>
  </testcase> <!-- @AfterSuite AsCongig -->
  <testcase classname="genericutilities.BaseClass" name="@BeforeSuite bsCongig" time="0.0">
    <ignored/>
  </testcase> <!-- @BeforeSuite bsCongig -->
  <testcase classname="genericutilities.BaseClass" name="@BeforeSuite bsCongig" time="0.0">
    <ignored/>
  </testcase> <!-- @BeforeSuite bsCongig -->
</testsuite> <!-- Test -->
