<?xml version="1.0" encoding="UTF-8"?>
<testng-results ignored="0" total="1" passed="1" failed="0" skipped="0">
  <reporter-output>
  </reporter-output>
  <suite started-at="2023-10-25T19:57:03 IST" name="Default suite" finished-at="2023-10-25T19:57:03 IST" duration-ms="53">
    <groups>
    </groups>
    <test started-at="2023-10-25T19:57:03 IST" name="Default test" finished-at="2023-10-25T19:57:03 IST" duration-ms="53">
      <class name="Practice.ReadDataFromCMDLine">
        <test-method signature="read()[pri:0, instance:Practice.ReadDataFromCMDLine@c730b35]" started-at="2023-10-25T19:57:03 IST" name="read" finished-at="2023-10-25T19:57:03 IST" duration-ms="10" status="PASS">
          <reporter-output>
          </reporter-output>
        </test-method> <!-- read -->
      </class> <!-- Practice.ReadDataFromCMDLine -->
    </test> <!-- Default test -->
  </suite> <!-- Default suite -->
</testng-results>
